2023-05-26 12:30:28 [main] ERROR com.finalproject.jimmy.models.DBCSingleton - Error creating connection
java.sql.SQLSyntaxErrorException: Unknown database 'db_finalproject'
	at com.mysql.cj.jdbc.exceptions.SQLError.createSQLException(SQLError.java:120) ~[mysql-connector-j-8.0.32.jar:8.0.32]
	at com.mysql.cj.jdbc.exceptions.SQLExceptionsMapping.translateException(SQLExceptionsMapping.java:122) ~[mysql-connector-j-8.0.32.jar:8.0.32]
	at com.mysql.cj.jdbc.ConnectionImpl.createNewIO(ConnectionImpl.java:824) ~[mysql-connector-j-8.0.32.jar:8.0.32]
	at com.mysql.cj.jdbc.ConnectionImpl.<init>(ConnectionImpl.java:444) ~[mysql-connector-j-8.0.32.jar:8.0.32]
	at com.mysql.cj.jdbc.ConnectionImpl.getInstance(ConnectionImpl.java:237) ~[mysql-connector-j-8.0.32.jar:8.0.32]
	at com.mysql.cj.jdbc.NonRegisteringDriver.connect(NonRegisteringDriver.java:198) ~[mysql-connector-j-8.0.32.jar:8.0.32]
	at com.mysql.cj.jdbc.MysqlDataSource.getConnection(MysqlDataSource.java:417) ~[mysql-connector-j-8.0.32.jar:8.0.32]
	at com.mysql.cj.jdbc.MysqlDataSource.getConnection(MysqlDataSource.java:129) ~[mysql-connector-j-8.0.32.jar:8.0.32]
	at com.mysql.cj.jdbc.MysqlDataSource.getConnection(MysqlDataSource.java:114) ~[mysql-connector-j-8.0.32.jar:8.0.32]
	at com.finalproject.jimmy.models.DBCSingleton.createConnection(DBCSingleton.java:55) [classes/:?]
	at com.finalproject.jimmy.models.DBCSingleton.<init>(DBCSingleton.java:21) [classes/:?]
	at com.finalproject.jimmy.models.DBCSingleton.getConnection(DBCSingleton.java:65) [classes/:?]
	at com.finalproject.jimmy.services.PopulateDatabaseService.createDatabaseAndTables(PopulateDatabaseService.java:50) [classes/:?]
	at com.finalproject.jimmy.view.ConsoleInterface.startMenu(ConsoleInterface.java:15) [classes/:?]
	at com.finalproject.jimmy.Main.main(Main.java:19) [classes/:?]
2023-05-26 12:31:42 [main] ERROR com.finalproject.jimmy.models.DBCSingleton - Error creating connection
java.sql.SQLSyntaxErrorException: Unknown database 'db_finalproject'
	at com.mysql.cj.jdbc.exceptions.SQLError.createSQLException(SQLError.java:120) ~[mysql-connector-j-8.0.32.jar:8.0.32]
	at com.mysql.cj.jdbc.exceptions.SQLExceptionsMapping.translateException(SQLExceptionsMapping.java:122) ~[mysql-connector-j-8.0.32.jar:8.0.32]
	at com.mysql.cj.jdbc.ConnectionImpl.createNewIO(ConnectionImpl.java:824) ~[mysql-connector-j-8.0.32.jar:8.0.32]
	at com.mysql.cj.jdbc.ConnectionImpl.<init>(ConnectionImpl.java:444) ~[mysql-connector-j-8.0.32.jar:8.0.32]
	at com.mysql.cj.jdbc.ConnectionImpl.getInstance(ConnectionImpl.java:237) ~[mysql-connector-j-8.0.32.jar:8.0.32]
	at com.mysql.cj.jdbc.NonRegisteringDriver.connect(NonRegisteringDriver.java:198) ~[mysql-connector-j-8.0.32.jar:8.0.32]
	at com.mysql.cj.jdbc.MysqlDataSource.getConnection(MysqlDataSource.java:417) ~[mysql-connector-j-8.0.32.jar:8.0.32]
	at com.mysql.cj.jdbc.MysqlDataSource.getConnection(MysqlDataSource.java:129) ~[mysql-connector-j-8.0.32.jar:8.0.32]
	at com.mysql.cj.jdbc.MysqlDataSource.getConnection(MysqlDataSource.java:114) ~[mysql-connector-j-8.0.32.jar:8.0.32]
	at com.finalproject.jimmy.models.DBCSingleton.createConnection(DBCSingleton.java:55) [classes/:?]
	at com.finalproject.jimmy.models.DBCSingleton.<init>(DBCSingleton.java:21) [classes/:?]
	at com.finalproject.jimmy.models.DBCSingleton.getConnection(DBCSingleton.java:65) [classes/:?]
	at com.finalproject.jimmy.services.PopulateDatabaseService.createDatabaseAndTables(PopulateDatabaseService.java:50) [classes/:?]
	at com.finalproject.jimmy.view.ConsoleInterface.startMenu(ConsoleInterface.java:15) [classes/:?]
	at com.finalproject.jimmy.Main.main(Main.java:19) [classes/:?]
2023-05-26 12:38:52 [main] ERROR com.finalproject.jimmy.models.DBCSingleton - Error creating connection
java.sql.SQLSyntaxErrorException: Unknown database 'db_finalproject'
	at com.mysql.cj.jdbc.exceptions.SQLError.createSQLException(SQLError.java:120) ~[mysql-connector-j-8.0.32.jar:8.0.32]
	at com.mysql.cj.jdbc.exceptions.SQLExceptionsMapping.translateException(SQLExceptionsMapping.java:122) ~[mysql-connector-j-8.0.32.jar:8.0.32]
	at com.mysql.cj.jdbc.ConnectionImpl.createNewIO(ConnectionImpl.java:824) ~[mysql-connector-j-8.0.32.jar:8.0.32]
	at com.mysql.cj.jdbc.ConnectionImpl.<init>(ConnectionImpl.java:444) ~[mysql-connector-j-8.0.32.jar:8.0.32]
	at com.mysql.cj.jdbc.ConnectionImpl.getInstance(ConnectionImpl.java:237) ~[mysql-connector-j-8.0.32.jar:8.0.32]
	at com.mysql.cj.jdbc.NonRegisteringDriver.connect(NonRegisteringDriver.java:198) ~[mysql-connector-j-8.0.32.jar:8.0.32]
	at com.mysql.cj.jdbc.MysqlDataSource.getConnection(MysqlDataSource.java:417) ~[mysql-connector-j-8.0.32.jar:8.0.32]
	at com.mysql.cj.jdbc.MysqlDataSource.getConnection(MysqlDataSource.java:129) ~[mysql-connector-j-8.0.32.jar:8.0.32]
	at com.mysql.cj.jdbc.MysqlDataSource.getConnection(MysqlDataSource.java:114) ~[mysql-connector-j-8.0.32.jar:8.0.32]
	at com.finalproject.jimmy.models.DBCSingleton.createConnection(DBCSingleton.java:55) [classes/:?]
	at com.finalproject.jimmy.models.DBCSingleton.<init>(DBCSingleton.java:21) [classes/:?]
	at com.finalproject.jimmy.models.DBCSingleton.getConnection(DBCSingleton.java:65) [classes/:?]
	at com.finalproject.jimmy.services.PopulateDatabaseService.createDatabaseAndTables(PopulateDatabaseService.java:50) [classes/:?]
	at com.finalproject.jimmy.view.ConsoleInterface.startMenu(ConsoleInterface.java:15) [classes/:?]
	at com.finalproject.jimmy.Main.main(Main.java:19) [classes/:?]
2023-05-26 12:43:41 [main] ERROR com.finalproject.jimmy.models.DBCSingleton - Error creating connection
java.sql.SQLSyntaxErrorException: Unknown database 'db_finalproject'
	at com.mysql.cj.jdbc.exceptions.SQLError.createSQLException(SQLError.java:120) ~[mysql-connector-j-8.0.32.jar:8.0.32]
	at com.mysql.cj.jdbc.exceptions.SQLExceptionsMapping.translateException(SQLExceptionsMapping.java:122) ~[mysql-connector-j-8.0.32.jar:8.0.32]
	at com.mysql.cj.jdbc.ConnectionImpl.createNewIO(ConnectionImpl.java:824) ~[mysql-connector-j-8.0.32.jar:8.0.32]
	at com.mysql.cj.jdbc.ConnectionImpl.<init>(ConnectionImpl.java:444) ~[mysql-connector-j-8.0.32.jar:8.0.32]
	at com.mysql.cj.jdbc.ConnectionImpl.getInstance(ConnectionImpl.java:237) ~[mysql-connector-j-8.0.32.jar:8.0.32]
	at com.mysql.cj.jdbc.NonRegisteringDriver.connect(NonRegisteringDriver.java:198) ~[mysql-connector-j-8.0.32.jar:8.0.32]
	at com.mysql.cj.jdbc.MysqlDataSource.getConnection(MysqlDataSource.java:417) ~[mysql-connector-j-8.0.32.jar:8.0.32]
	at com.mysql.cj.jdbc.MysqlDataSource.getConnection(MysqlDataSource.java:129) ~[mysql-connector-j-8.0.32.jar:8.0.32]
	at com.mysql.cj.jdbc.MysqlDataSource.getConnection(MysqlDataSource.java:114) ~[mysql-connector-j-8.0.32.jar:8.0.32]
	at com.finalproject.jimmy.models.DBCSingleton.createConnection(DBCSingleton.java:55) [classes/:?]
	at com.finalproject.jimmy.models.DBCSingleton.<init>(DBCSingleton.java:21) [classes/:?]
	at com.finalproject.jimmy.models.DBCSingleton.getConnection(DBCSingleton.java:65) [classes/:?]
	at com.finalproject.jimmy.services.PopulateDatabaseService.createDatabaseAndTables(PopulateDatabaseService.java:52) [classes/:?]
	at com.finalproject.jimmy.view.ConsoleInterface.startMenu(ConsoleInterface.java:15) [classes/:?]
	at com.finalproject.jimmy.Main.main(Main.java:19) [classes/:?]
